Arguments: 
  C:\Program Files\nodejs\node.exe C:\profili\U381258\AppData\Roaming\npm\node_modules\yarn\bin\yarn.js add firebase

PATH: 
  C:\Program Files\Docker\Docker\Resources\bin;C:\ProgramData\Oracle\Java\javapath;C:\Program Files (x86)\Intel\iCLS Client\;C:\Program Files\Intel\iCLS Client\;C:\windows\System32;C:\windows\system32;C:\windows;C:\windows\System32\Wbem;C:\windows\System32\WindowsPowerShell\v1.0\;C:\Users\Administrator\AppData\Local\Microsoft\WindowsApps;C:\Program Files (x86)\Intesa-SanPaolo\SpiVrsSdkWrapper;C:\Program Files (x86)\Enterprise Vault\EVClient\;C:\Program Files (x86)\DataLogics\APDFL10.1.0\DLE;C:\Program Files (x86)\Intel\Intel(R) Management Engine Components\DAL;C:\Program Files\Intel\Intel(R) Management Engine Components\DAL;C:\Program Files (x86)\Intel\Intel(R) Management Engine Components\IPT;C:\Program Files\Intel\Intel(R) Management Engine Components\IPT;C:\Program Files\Git\cmd;C:\HashiCorp\Vagrant\bin;C:\Program Files\nodejs\;C:\windows\system32\config\systemprofile\AppData\Local\Microsoft\WindowsApps;c:\Program Files (x86)\Intesa-Sanpaolo\SPI3270;C:\Program Files\Java\jdk1.8.0_144\bin;C:\Program Files\dotnet\;C:\Go\bin;C:\Users\U381258\AppData\Local\Microsoft\WindowsApps;C:\DatiAziendali\U381258\software\apache-maven\bin;C:\Users\U381258\AppData\Local\Programs\Fiddler;C:\cygwin64\bin;C:\Users\U381258\AppData\Local\GitHubDesktop\bin;C:\minishift;C:\Program Files\MongoDB\Server\3.4\bin;c:\profili\U381258\Desktop\apache storm\storm-1.0.5\bin;C:\profili\U381258\AppData\Roaming\npm;c:\profili\U381258\Desktop\grafana\bin

Yarn version: 
  1.7.0

Node version: 
  9.2.0

Platform: 
  win32 x64

Trace: 
  Error: http://arti0.sede.corp.sanpaoloimi.com:8081/artifactory/api/npm/npm-repos/@angular%2fanimations: Invalid protocol: localhost:
      at Request.module.exports.Request.init (C:\profili\U381258\AppData\Roaming\npm\node_modules\yarn\lib\cli.js:134947:31)
      at new Request (C:\profili\U381258\AppData\Roaming\npm\node_modules\yarn\lib\cli.js:134617:8)
      at request (C:\profili\U381258\AppData\Roaming\npm\node_modules\yarn\lib\cli.js:131616:10)
      at RequestManager.execute (C:\profili\U381258\AppData\Roaming\npm\node_modules\yarn\lib\cli.js:65708:15)
      at RequestManager.shiftQueue (C:\profili\U381258\AppData\Roaming\npm\node_modules\yarn\lib\cli.js:65735:10)
      at C:\profili\U381258\AppData\Roaming\npm\node_modules\yarn\lib\cli.js:65486:13
      at new Promise (<anonymous>)
      at new F (C:\profili\U381258\AppData\Roaming\npm\node_modules\yarn\lib\cli.js:23451:28)
      at RequestManager.request (C:\profili\U381258\AppData\Roaming\npm\node_modules\yarn\lib\cli.js:65484:19)
      at NpmRegistry.request (C:\profili\U381258\AppData\Roaming\npm\node_modules\yarn\lib\cli.js:31153:32)

npm manifest: 
  {
    "name": "portfolio",
    "version": "0.0.0",
    "license": "MIT",
    "scripts": {
      "ng": "ng",
      "start": "ng serve",
      "build": "ng build --prod",
      "test": "ng test",
      "lint": "ng lint",
      "e2e": "ng e2e"
    },
    "private": true,
    "dependencies": {
      "@angular/animations": "5.2.10",
      "@angular/cdk": "^5.0.2",
      "@angular/common": "5.2.10",
      "@angular/compiler": "5.2.10",
      "@angular/core": "^5.2.10",
      "@angular/flex-layout": "^2.0.0-beta.12",
      "@angular/forms": "5.2.10",
      "@angular/http": "5.2.10",
      "@angular/material": "^5.0.2",
      "@angular/platform-browser": "5.2.10",
      "@angular/platform-browser-dynamic": "5.2.10",
      "@angular/router": "5.2.10",
      "angularfire2": "5.0.0-rc.4",
      "bootstrap": "^4.1.1",
      "core-js": "^2.4.1",
      "firebase": "4.8.0",
      "hammerjs": "^2.0.8",
      "hover.css": "^2.3.1",
      "jquery": "^3.2.1",
      "ngx-toastr": "^8.6.0",
      "rxjs": "^5.5.10",
      "zone.js": "^0.8.26"
    },
    "devDependencies": {
      "@angular/cli": "1.7.4",
      "@angular/compiler-cli": "5.2.10",
      "@angular/language-service": "5.2.10",
      "@types/jasmine": "~2.5.53",
      "@types/jasminewd2": "~2.0.2",
      "@types/jquery": "^3.2.17",
      "@types/node": "~6.0.60",
      "codelyzer": "^4.0.1",
      "jasmine-core": "~2.6.2",
      "jasmine-spec-reporter": "~4.1.0",
      "karma": "~1.7.0",
      "karma-chrome-launcher": "~2.1.1",
      "karma-cli": "~1.0.1",
      "karma-coverage-istanbul-reporter": "^1.2.1",
      "karma-jasmine": "~1.1.0",
      "karma-jasmine-html-reporter": "^0.2.2",
      "protractor": "~5.1.2",
      "ts-node": "~3.2.0",
      "tslint": "~5.7.0",
      "typescript": "2.6.2"
    }
  }

yarn manifest: 
  No manifest

Lockfile: 
  No lockfile
